<?xml version="1.0" encoding="UTF-8"?>
<!-- Generated by org.testng.reporters.JUnitXMLReporter -->
<testsuite hostname="DESKTOP-M631KOO" ignored="0" name="LEGO tests" tests="2" failures="1" timestamp="20 jun 2021 20:02:18 GMT" time="48.881" errors="0">
  <testcase name="lego_test_01" time="19.498" classname="com.lego.tests.Lego_Test_01"/>
  <testcase name="lego_test_02" time="15.974" classname="com.lego.tests.Lego_Test_02">
    <failure type="java.lang.AssertionError" message="Product name is not displayed well! expected [true] but found [false]">
      <![CDATA[java.lang.AssertionError: Product name is not displayed well! expected [true] but found [false]
	at com.lego.page.ProductPreview.verifyProduct(ProductPreview.java:38)
	at com.lego.tests.Lego_Test_02.lego_test_02(Lego_Test_02.java:22)
... Removed 31 stack frames]]>
    </failure>
  </testcase> <!-- lego_test_02 -->
</testsuite> <!-- LEGO tests -->
