<?xml version="1.0" encoding="UTF-8"?>
<testng-results skipped="0" failed="1" ignored="0" total="2" passed="1">
  <reporter-output>
  </reporter-output>
  <suite name="LEGO suite" duration-ms="48881" started-at="2021-06-20T20:01:29Z" finished-at="2021-06-20T20:02:18Z">
    <groups>
    </groups>
    <test name="LEGO tests" duration-ms="48881" started-at="2021-06-20T20:01:29Z" finished-at="2021-06-20T20:02:18Z">
      <class name="com.lego.tests.Lego_Test_02">
        <test-method status="PASS" signature="setUp(java.lang.String)[pri:0, instance:com.lego.tests.Lego_Test_02@4909b8da]" name="setUp" is-config="true" duration-ms="5915" started-at="2021-06-20T22:01:56Z" finished-at="2021-06-20T22:02:02Z">
          <params>
            <param index="0">
              <value>
                <![CDATA[chrome]]>
              </value>
            </param>
          </params>
          <reporter-output>
          </reporter-output>
        </test-method> <!-- setUp -->
        <test-method status="FAIL" signature="lego_test_02()[pri:0, instance:com.lego.tests.Lego_Test_02@4909b8da]" name="lego_test_02" duration-ms="15974" started-at="2021-06-20T22:02:02Z" finished-at="2021-06-20T22:02:18Z">
          <exception class="java.lang.AssertionError">
            <message>
              <![CDATA[Product name is not displayed well! expected [true] but found [false]]]>
            </message>
            <full-stacktrace>
              <![CDATA[java.lang.AssertionError: Product name is not displayed well! expected [true] but found [false]
	at org.testng.Assert.fail(Assert.java:93)
	at org.testng.Assert.failNotEquals(Assert.java:512)
	at org.testng.Assert.assertTrue(Assert.java:41)
	at com.lego.page.ProductPreview.verifyProduct(ProductPreview.java:38)
	at com.lego.tests.Lego_Test_02.lego_test_02(Lego_Test_02.java:22)
	at sun.reflect.NativeMethodAccessorImpl.invoke0(Native Method)
	at sun.reflect.NativeMethodAccessorImpl.invoke(NativeMethodAccessorImpl.java:62)
	at sun.reflect.DelegatingMethodAccessorImpl.invoke(DelegatingMethodAccessorImpl.java:43)
	at java.lang.reflect.Method.invoke(Method.java:498)
	at org.testng.internal.MethodInvocationHelper.invokeMethod(MethodInvocationHelper.java:108)
	at org.testng.internal.Invoker.invokeMethod(Invoker.java:661)
	at org.testng.internal.Invoker.invokeTestMethod(Invoker.java:869)
	at org.testng.internal.Invoker.invokeTestMethods(Invoker.java:1193)
	at org.testng.internal.TestMethodWorker.invokeTestMethods(TestMethodWorker.java:126)
	at org.testng.internal.TestMethodWorker.run(TestMethodWorker.java:109)
	at org.testng.TestRunner.privateRun(TestRunner.java:744)
	at org.testng.TestRunner.run(TestRunner.java:602)
	at org.testng.SuiteRunner.runTest(SuiteRunner.java:380)
	at org.testng.SuiteRunner.runSequentially(SuiteRunner.java:375)
	at org.testng.SuiteRunner.privateRun(SuiteRunner.java:340)
	at org.testng.SuiteRunner.run(SuiteRunner.java:289)
	at org.testng.SuiteRunnerWorker.runSuite(SuiteRunnerWorker.java:52)
	at org.testng.SuiteRunnerWorker.run(SuiteRunnerWorker.java:86)
	at org.testng.TestNG.runSuitesSequentially(TestNG.java:1301)
	at org.testng.TestNG.runSuitesLocally(TestNG.java:1226)
	at org.testng.TestNG.runSuites(TestNG.java:1144)
	at org.testng.TestNG.run(TestNG.java:1115)
	at org.apache.maven.surefire.testng.TestNGExecutor.run(TestNGExecutor.java:281)
	at org.apache.maven.surefire.testng.TestNGXmlTestSuite.execute(TestNGXmlTestSuite.java:75)
	at org.apache.maven.surefire.testng.TestNGProvider.invoke(TestNGProvider.java:121)
	at org.apache.maven.surefire.booter.ForkedBooter.invokeProviderInSameClassLoader(ForkedBooter.java:290)
	at org.apache.maven.surefire.booter.ForkedBooter.runSuitesInProcess(ForkedBooter.java:242)
	at org.apache.maven.surefire.booter.ForkedBooter.main(ForkedBooter.java:121)
]]>
            </full-stacktrace>
          </exception> <!-- java.lang.AssertionError -->
          <reporter-output>
          </reporter-output>
        </test-method> <!-- lego_test_02 -->
        <test-method status="PASS" signature="cleanUp()[pri:0, instance:com.lego.tests.Lego_Test_02@4909b8da]" name="cleanUp" is-config="true" duration-ms="0" started-at="2021-06-20T22:02:18Z" finished-at="2021-06-20T22:02:18Z">
          <reporter-output>
          </reporter-output>
        </test-method> <!-- cleanUp -->
      </class> <!-- com.lego.tests.Lego_Test_02 -->
      <class name="com.lego.tests.Lego_Test_01">
        <test-method status="PASS" signature="setUp(java.lang.String)[pri:0, instance:com.lego.tests.Lego_Test_01@6615435c]" name="setUp" is-config="true" duration-ms="7441" started-at="2021-06-20T22:01:29Z" finished-at="2021-06-20T22:01:37Z">
          <params>
            <param index="0">
              <value>
                <![CDATA[chrome]]>
              </value>
            </param>
          </params>
          <reporter-output>
          </reporter-output>
        </test-method> <!-- setUp -->
        <test-method status="PASS" signature="lego_test_01()[pri:0, instance:com.lego.tests.Lego_Test_01@6615435c]" name="lego_test_01" duration-ms="19498" started-at="2021-06-20T22:01:37Z" finished-at="2021-06-20T22:01:56Z">
          <reporter-output>
          </reporter-output>
        </test-method> <!-- lego_test_01 -->
        <test-method status="PASS" signature="cleanUp()[pri:0, instance:com.lego.tests.Lego_Test_01@6615435c]" name="cleanUp" is-config="true" duration-ms="1" started-at="2021-06-20T22:01:56Z" finished-at="2021-06-20T22:01:56Z">
          <reporter-output>
          </reporter-output>
        </test-method> <!-- cleanUp -->
      </class> <!-- com.lego.tests.Lego_Test_01 -->
    </test> <!-- LEGO tests -->
  </suite> <!-- LEGO suite -->
</testng-results>
